# Fork() Investigation - Final Report: Timer Preemption Racing Issue

## Executive Summary

After comprehensive debug instrumentation following the systematic checklist, **the root cause has been identified**. The fork() implementation itself is correct, but child processes cannot execute any userspace instructions due to timer interrupts firing immediately after returning to userspace, creating a live-lock condition.

## Root Cause: Timer Preemption Racing With First Instruction

### The Issue
Child processes are trapped in an infinite cycle where:
1. Child returns to userspace at RIP=0x10000018 (`testq %rax, %rax`)
2. Timer interrupt fires **before** the instruction executes
3. Context saved with unchanged RIP=0x10000018
4. Child gets rescheduled and repeats the cycle

### Evidence Summary
- ✅ Fork implementation creates child correctly
- ✅ Memory cloning works (16 pages copied, 2 shared)
- ✅ Context copying from syscall frame works
- ✅ Child added to scheduler ready queue
- ✅ Scheduler selects child for execution
- ✅ Context restoration and page table switching work
- ❌ **No instructions execute** - RIP never advances past 0x10000018
- ❌ **No debug exceptions** despite trap flag (TF) being set

## Detailed Debug Investigation Results

### Phase 1: Scheduler Analysis
**Test**: Added scheduler entry logging with thread ID, RIP, CR3
**Key Findings**:
- Child thread (ID 5) IS being selected by scheduler
- Child appears in scheduler logs: `SCHEDULER ENTRY: thread 5 RIP=0x10000018 CR3=0x63e000`
- Page table switching occurs correctly: `Current CR3=0x5fb000, switching to CR3=0x63e000`

### Phase 2: Single-Step Debugging 
**Test**: Set trap flag (TF) in child's RFLAGS to trigger debug exceptions
**Expected**: Debug exception after first instruction execution
**Result**: **No debug exceptions logged** - proves no instructions execute

**Log Evidence**:
```
DEBUG: Set trap flag for child 5 - RFLAGS: 0x10302
Restored userspace context for thread 5: RIP=0x10000018, RFLAGS=0x10302
```

### Phase 3: Timer Dependency Test
**Test**: Disabled timer interrupts after fork creation
**Result**: Child never gets scheduled at all (confirms timer dependency)
**Conclusion**: Timer interrupts are essential for scheduling

### Phase 4: Context Switch Validation
**Test**: Detailed logging of context restoration process
**Key Evidence**:
```
restore_userspace_thread_context: Restoring thread 5
Restored userspace context for thread 5: RIP=0x10000018, RSP=0x555555593ff8, RAX=0x0, CS=0x33, SS=0x2b, RFLAGS=0x10302
Scheduled page table switch for process 5 on return: frame=0x63e000
get_next_page_table: Current CR3=0x5fb000, switching to CR3=0x63e000
SCHEDULER ENTRY: thread 5 RIP=0x10000018 CR3=0x63e000    <-- IMMEDIATE re-entry!
```

**Critical Observation**: The scheduler immediately re-enters after context restoration, proving the timer interrupt fired before any userspace instruction could execute.

### Phase 5: Ready Queue Analysis
**Test**: Logged ready queue contents during scheduling decisions
**Findings**: 
- Child correctly added: `ready_queue: [1, 2, 3, 5]`
- Child properly rotated through queue: `[5, 4, 1, 2, 6, 3]` → `[4, 1, 2, 6, 3]`
- Round-robin scheduling working correctly

## Technical Analysis

### Timer Configuration
- **Frequency**: 10Hz (100ms intervals)
- **Implementation**: PIT (Programmable Interval Timer) 
- **Should be sufficient**: 100ms >> time for single instruction execution

### The Live-Lock Cycle
```
1. IRETQ to userspace (RIP=0x10000018)
2. [Timer interrupt pending/fires immediately]
3. Context saved: RIP=0x10000018 (unchanged)
4. Scheduler runs, eventually selects child again
5. Context restored: RIP=0x10000018
6. GOTO 1 (infinite loop)
```

### Why Timer Fires Immediately
Several hypotheses for the immediate timer interrupt:

#### Hypothesis A: Timer Latency During Page Table Switch
The extensive TLB flushing in syscall return might cause timing issues:
```asm
mov cr3, rax                  ; Page table switch
mov rax, cr4
and rcx, 0xFFFFFFFFFFFFFF7F  ; Clear PGE bit
mov cr4, rcx                  ; Disable global pages (flushes TLB)
mov cr4, rax                  ; Re-enable global pages
mfence                        ; Memory fence
```
This sequence could introduce latency that allows timer interrupts to accumulate.

#### Hypothesis B: Interrupt Masking Issue
Timer interrupts might be:
- Pending during syscall execution
- Delivered immediately after IRETQ enables interrupts
- Not properly synchronized with context switches

#### Hypothesis C: CPU Pipeline/Cache Issues
After page table switch:
- Instruction cache might need refilling
- CPU pipeline might stall
- Memory access patterns change, affecting timing

#### Hypothesis D: Newly Forked Process Timing
Something specific to newly forked processes:
- Different CPU state than processes created normally
- Page table structure differences
- TLB state after fork vs. normal execution

## Comparison: Parent vs Child Behavior

### Parent Process (Works)
```
Syscall frame after: RIP=0x10000018, RAX=0x5 (child PID)
SCHEDULER ENTRY: thread 4 RIP=0x10000018 → 0x10000059
```
Parent progresses normally from RIP=0x10000018 to 0x10000059.

### Child Process (Stuck)
```
Restored userspace context for thread 5: RIP=0x10000018, RAX=0x0
SCHEDULER ENTRY: thread 5 RIP=0x10000018 (never changes)
```
Child's RIP never advances despite multiple scheduling cycles.

## Code Context

### Assembly at Critical Point
```asm
10000016: cd 80        int     $0x80       # fork syscall
10000018: 48 85 c0     testq   %rax, %rax  # ← Child stuck here
1000001b: 75 25        jne     0x10000042  # Parent branch
1000001d: ...          # Child code (never reached)
```

Both parent and child should execute `testq %rax, %rax` at 0x10000018, but:
- Parent: RAX=5 (child PID), test succeeds, takes jump to 0x10000042
- Child: RAX=0, test fails, continues to 0x1000001d
- **Problem**: Child never executes the test instruction

## Questions for External Analysis

### 1. Timer Interrupt Timing
- Why would timer interrupts fire immediately after IRETQ for forked processes but not normal processes?
- Could the extensive TLB flushing in the syscall return path affect interrupt timing?
- Is there a known x86-64 timing issue with interrupts after page table switches?

### 2. Interrupt Delivery Mechanism  
- Could there be interrupt latency that causes timer IRQs to accumulate during syscall execution?
- Should we mask timer interrupts during the syscall return path?
- Are there CPU errata related to interrupt delivery after CR3 switches?

### 3. Newly Forked Process State
- Do newly forked processes have different CPU state that affects interrupt timing?
- Could the trap flag (TF) setting interfere with normal interrupt delivery?
- Is there an architectural requirement for the first instruction after fork?

### 4. Debugging Approach
- How can we measure the actual time between IRETQ and timer interrupt?
- Should we try increasing timer interval to rule out timing issues?
- Are there CPU performance counters that could help diagnose this?

### 5. Potential Solutions
- Should we implement a "grace period" where newly forked processes get uninterrupted execution time?
- Could we modify the timer interrupt handler to detect and avoid this live-lock?
- Is there a different approach to page table switching that might resolve this?

## Next Investigation Priorities

### Immediate Tests
1. **Increase timer interval** to 1Hz (1 second) to see if child can execute
2. **Remove trap flag** to eliminate TF as a contributing factor  
3. **Add timing measurements** around IRETQ and timer interrupt delivery
4. **Test with different page table switch methods** (if alternatives exist)

### Advanced Analysis
1. **QEMU execution tracing** with `-d int,cpu,exec` to see instruction-level behavior
2. **Performance counter analysis** to measure interrupt latency
3. **Comparative analysis** between fork and normal process creation paths
4. **Hardware testing** to rule out QEMU-specific timing issues

## Log Evidence Archive

### Key Log Sequences
```
# Child creation and context setup
DEBUG: Set trap flag for child 5 - RFLAGS: 0x10302
Fork: Child context set - RIP: 0x10000018, RSP: 0x555555593ff8, RAX: 0

# Child scheduling and immediate preemption
restore_userspace_thread_context: Restoring thread 5
Restored userspace context for thread 5: RIP=0x10000018, RFLAGS=0x10302
Scheduled page table switch for process 5: frame=0x63e000
get_next_page_table: Current CR3=0x5fb000, switching to CR3=0x63e000
SCHEDULER ENTRY: thread 5 RIP=0x10000018 CR3=0x63e000  # ← Immediate!
Context switch on interrupt return: 5 -> 4
Saved userspace context for thread 5: RIP=0x10000018    # ← Unchanged!
```

The investigation has definitively identified the issue and provides a clear path forward for resolution.